2025-11-07 23:35:21.634 [info] [main] Log level: Info
2025-11-07 23:35:21.634 [info] [main] Validating found git in: "/usr/bin/git"
2025-11-07 23:35:21.667 [info] [main] Using git "2.50.1 (Apple Git-155)" from "/usr/bin/git"
2025-11-07 23:35:21.667 [info] [Model][doInitialScan] Initial repository scan started
2025-11-07 23:35:21.668 [info] [Model][doInitialScan] Initial repository scan completed - repositories (0), closed repositories (0), parent repositories (0), unsafe repositories (0)
2025-11-07 23:38:37.634 [info] [main] Log level: Info
2025-11-07 23:38:37.635 [info] [main] Validating found git in: "/usr/bin/git"
2025-11-07 23:38:37.739 [info] [main] Using git "2.50.1 (Apple Git-155)" from "/usr/bin/git"
2025-11-07 23:38:37.739 [info] [Model][doInitialScan] Initial repository scan started
2025-11-07 23:38:37.808 [info] > git rev-parse --show-toplevel [67ms]
2025-11-07 23:38:37.821 [info] > git rev-parse --git-dir --git-common-dir --show-superproject-working-tree [12ms]
2025-11-07 23:38:37.824 [info] [Model][openRepository] Opened repository (path): /Users/marysanares/rork-mymotivfitx
2025-11-07 23:38:37.824 [info] [Model][openRepository] Opened repository (real path): /Users/marysanares/rork-mymotivfitx
2025-11-07 23:38:37.824 [info] [Model][openRepository] Opened repository (kind): repository
2025-11-07 23:38:37.846 [info] > git rev-parse --show-toplevel [21ms]
2025-11-07 23:38:37.847 [info] > git config --get commit.template [21ms]
2025-11-07 23:38:37.854 [info] > git for-each-ref --format=%(refname)%00%(upstream:short)%00%(objectname)%00%(upstream:track)%00%(upstream:remotename)%00%(upstream:remoteref) --ignore-case refs/heads/main refs/remotes/main [26ms]
2025-11-07 23:38:37.854 [warning] [Git][revParse] Unable to read file: ENOENT: no such file or directory, open '/Users/marysanares/rork-mymotivfitx/.git/refs/remotes/origin/main'
2025-11-07 23:38:37.855 [info] > git rev-parse --show-toplevel [8ms]
2025-11-07 23:38:37.863 [info] > git rev-parse refs/remotes/origin/main [9ms]
2025-11-07 23:38:37.864 [info] > git rev-parse --show-toplevel [8ms]
2025-11-07 23:38:37.874 [info] > git rev-parse --show-toplevel [10ms]
2025-11-07 23:38:37.875 [info] > git for-each-ref --sort -committerdate --format %(refname)%00%(objectname)%00%(*objectname) [11ms]
2025-11-07 23:38:37.876 [info] > git status -z -uall [13ms]
2025-11-07 23:38:37.886 [info] > git rev-parse --show-toplevel [12ms]
2025-11-07 23:38:37.895 [info] > git config --get commit.template [10ms]
2025-11-07 23:38:37.895 [info] > git rev-parse --show-toplevel [9ms]
2025-11-07 23:38:37.896 [info] > git for-each-ref --format=%(refname)%00%(upstream:short)%00%(objectname)%00%(upstream:track)%00%(upstream:remotename)%00%(upstream:remoteref) --ignore-case refs/heads/main refs/remotes/main [12ms]
2025-11-07 23:38:37.896 [info] > git for-each-ref --format=%(refname)%00%(upstream:short)%00%(objectname)%00%(upstream:track)%00%(upstream:remotename)%00%(upstream:remoteref) --ignore-case refs/heads/main refs/remotes/main [10ms]
2025-11-07 23:38:37.897 [warning] [Git][revParse] Unable to read file: ENOENT: no such file or directory, open '/Users/marysanares/rork-mymotivfitx/.git/refs/remotes/origin/main'
2025-11-07 23:38:37.915 [info] > git config --get --local branch.main.vscode-merge-base [19ms]
2025-11-07 23:38:37.915 [warning] [Git][config] git config failed: Failed to execute git
2025-11-07 23:38:37.916 [info] > git rev-parse --show-toplevel [21ms]
2025-11-07 23:38:37.916 [info] > git rev-parse refs/remotes/origin/main [19ms]
2025-11-07 23:38:37.929 [info] > git rev-parse --show-toplevel [12ms]
2025-11-07 23:38:37.931 [info] > git for-each-ref --sort -committerdate --format %(refname)%00%(objectname)%00%(*objectname) [14ms]
2025-11-07 23:38:37.931 [info] > git reflog main --grep-reflog=branch: Created from *. [16ms]
2025-11-07 23:38:37.931 [info] > git status -z -uall [14ms]
2025-11-07 23:38:37.940 [info] > git rev-parse --show-toplevel [10ms]
2025-11-07 23:38:37.941 [info] [Model][doInitialScan] Initial repository scan completed - repositories (1), closed repositories (0), parent repositories (0), unsafe repositories (0)
2025-11-07 23:38:37.941 [info] > git symbolic-ref --short refs/remotes/origin/HEAD [10ms]
2025-11-07 23:38:37.950 [info] > git for-each-ref --format=%(refname)%00%(upstream:short)%00%(objectname)%00%(upstream:track)%00%(upstream:remotename)%00%(upstream:remoteref) --ignore-case refs/heads/origin/main refs/remotes/origin/main [8ms]
2025-11-07 23:38:37.960 [info] > git config --add --local branch.main.vscode-merge-base origin/main [9ms]
2025-11-07 23:38:37.969 [info] > git config --get commit.template [9ms]
2025-11-07 23:38:37.970 [info] > git for-each-ref --format=%(refname)%00%(upstream:short)%00%(objectname)%00%(upstream:track)%00%(upstream:remotename)%00%(upstream:remoteref) --ignore-case refs/heads/main refs/remotes/main [9ms]
2025-11-07 23:38:37.970 [warning] [Git][revParse] Unable to read file: ENOENT: no such file or directory, open '/Users/marysanares/rork-mymotivfitx/.git/refs/remotes/origin/main'
2025-11-07 23:38:37.978 [info] > git rev-parse refs/remotes/origin/main [8ms]
2025-11-07 23:38:37.987 [info] > git for-each-ref --sort -committerdate --format %(refname)%00%(objectname)%00%(*objectname) [9ms]
2025-11-07 23:38:37.987 [info] > git status -z -uall [9ms]
2025-11-07 23:38:37.999 [info] > git merge-base refs/heads/main refs/remotes/origin/main [10ms]
2025-11-07 23:38:37.999 [info] > git merge-base refs/heads/main refs/remotes/origin/main [11ms]
2025-11-07 23:38:38.008 [info] > git diff --name-status -z --diff-filter=ADMR 0883a355e1bbf9cc67083131c395b7e578356afa...refs/remotes/origin/main [9ms]
2025-11-07 23:38:38.009 [info] > git diff --name-status -z --diff-filter=ADMR 0883a355e1bbf9cc67083131c395b7e578356afa...refs/remotes/origin/main [9ms]
2025-11-07 23:38:38.343 [info] > git check-ignore -v -z --stdin [13ms]
2025-11-07 23:38:39.061 [info] > git config --get commit.template [15ms]
2025-11-07 23:38:39.062 [info] > git for-each-ref --format=%(refname)%00%(upstream:short)%00%(objectname)%00%(upstream:track)%00%(upstream:remotename)%00%(upstream:remoteref) --ignore-case refs/heads/main refs/remotes/main [15ms]
2025-11-07 23:38:39.062 [warning] [Git][revParse] Unable to read file: ENOENT: no such file or directory, open '/Users/marysanares/rork-mymotivfitx/.git/refs/remotes/origin/main'
2025-11-07 23:38:39.073 [info] > git rev-parse refs/remotes/origin/main [11ms]
2025-11-07 23:38:39.085 [info] > git for-each-ref --sort -committerdate --format %(refname)%00%(objectname)%00%(*objectname) [11ms]
2025-11-07 23:38:39.085 [info] > git status -z -uall [11ms]
2025-11-07 23:38:40.198 [info] > git ls-files --stage -- app.json [9ms]
2025-11-07 23:38:40.199 [info] > git show --textconv :app.json [10ms]
2025-11-07 23:38:40.208 [info] > git cat-file -s db2ddc19211fecfeaa5fa31ad10572a6d96b5e8e [9ms]
2025-11-07 23:43:45.205 [info] > git blame --root --incremental 0883a355e1bbf9cc67083131c395b7e578356afa -- app.json [28ms]
2025-11-07 23:46:32.718 [info] > git log --format=%H%n%aN%n%aE%n%at%n%ct%n%P%n%D%n%B -z --shortstat --diff-merges=first-parent -n50 --skip=0 --topo-order --decorate=full --stdin [30ms]
2025-11-07 23:47:18.911 [info] > git add -A -- . [27ms]
2025-11-07 23:47:18.923 [info] > git config --get commit.template [11ms]
2025-11-07 23:47:18.924 [info] > git for-each-ref --format=%(refname)%00%(upstream:short)%00%(objectname)%00%(upstream:track)%00%(upstream:remotename)%00%(upstream:remoteref) --ignore-case refs/heads/main refs/remotes/main [11ms]
2025-11-07 23:47:18.924 [warning] [Git][revParse] Unable to read file: ENOENT: no such file or directory, open '/Users/marysanares/rork-mymotivfitx/.git/refs/remotes/origin/main'
2025-11-07 23:47:18.933 [info] > git rev-parse refs/remotes/origin/main [9ms]
2025-11-07 23:47:18.943 [info] > git for-each-ref --sort -committerdate --format %(refname)%00%(objectname)%00%(*objectname) [8ms]
2025-11-07 23:47:18.943 [info] > git status -z -uall [10ms]
2025-11-07 23:47:18.956 [info] > git -c user.useConfigOnly=true commit --quiet [11ms]
2025-11-07 23:47:18.956 [info] Author identity unknown

*** Please tell me who you are.

Run

  git config --global user.email "you@example.com"
  git config --global user.name "Your Name"

to set your account's default identity.
Omit --global to set the identity only in this repository.

fatal: no email was given and auto-detection is disabled
2025-11-07 23:47:18.965 [info] > git config --get-all user.name [8ms]
2025-11-07 23:47:18.973 [info] > git config --get commit.template [8ms]
2025-11-07 23:47:18.974 [info] > git for-each-ref --format=%(refname)%00%(upstream:short)%00%(objectname)%00%(upstream:track)%00%(upstream:remotename)%00%(upstream:remoteref) --ignore-case refs/heads/main refs/remotes/main [9ms]
2025-11-07 23:47:18.974 [warning] [Git][revParse] Unable to read file: ENOENT: no such file or directory, open '/Users/marysanares/rork-mymotivfitx/.git/refs/remotes/origin/main'
2025-11-07 23:47:18.982 [info] > git rev-parse refs/remotes/origin/main [8ms]
2025-11-07 23:47:18.992 [info] > git for-each-ref --sort -committerdate --format %(refname)%00%(objectname)%00%(*objectname) [9ms]
2025-11-07 23:47:18.992 [info] > git status -z -uall [9ms]
2025-11-07 23:47:19.318 [info] > git show --textconv HEAD:app.json [13ms]
2025-11-07 23:47:19.318 [info] > git ls-tree -l HEAD -- app.json [13ms]
2025-11-07 23:47:20.120 [info] > git config --get commit.template [17ms]
2025-11-07 23:47:20.121 [info] > git for-each-ref --format=%(refname)%00%(upstream:short)%00%(objectname)%00%(upstream:track)%00%(upstream:remotename)%00%(upstream:remoteref) --ignore-case refs/heads/main refs/remotes/main [18ms]
2025-11-07 23:47:20.122 [warning] [Git][revParse] Unable to read file: ENOENT: no such file or directory, open '/Users/marysanares/rork-mymotivfitx/.git/refs/remotes/origin/main'
2025-11-07 23:47:20.135 [info] > git rev-parse refs/remotes/origin/main [13ms]
2025-11-07 23:47:20.148 [info] > git for-each-ref --sort -committerdate --format %(refname)%00%(objectname)%00%(*objectname) [13ms]
2025-11-07 23:47:20.148 [info] > git status -z -uall [13ms]
2025-11-07 23:47:20.216 [info] > git ls-files --stage -- app.json [12ms]
2025-11-07 23:47:20.217 [info] > git ls-tree -l HEAD -- app.json [13ms]
2025-11-07 23:47:20.228 [info] > git cat-file -s efa9a16e696da1a658ca1e75ddb1651e6993a703 [11ms]
2025-11-07 23:47:20.228 [info] > git show --textconv HEAD:app.json [10ms]
2025-11-07 23:47:20.238 [info] > git show --textconv :app.json [10ms]
2025-11-07 23:47:31.575 [info] > git -c user.useConfigOnly=true commit --quiet [27ms]
2025-11-07 23:47:31.576 [info] Author identity unknown

*** Please tell me who you are.

Run

  git config --global user.email "you@example.com"
  git config --global user.name "Your Name"

to set your account's default identity.
Omit --global to set the identity only in this repository.

fatal: no email was given and auto-detection is disabled
2025-11-07 23:47:31.589 [info] > git config --get-all user.name [13ms]
2025-11-07 23:47:31.601 [info] > git config --get commit.template [11ms]
2025-11-07 23:47:31.603 [info] > git for-each-ref --format=%(refname)%00%(upstream:short)%00%(objectname)%00%(upstream:track)%00%(upstream:remotename)%00%(upstream:remoteref) --ignore-case refs/heads/main refs/remotes/main [13ms]
2025-11-07 23:47:31.603 [warning] [Git][revParse] Unable to read file: ENOENT: no such file or directory, open '/Users/marysanares/rork-mymotivfitx/.git/refs/remotes/origin/main'
2025-11-07 23:47:31.613 [info] > git rev-parse refs/remotes/origin/main [10ms]
2025-11-07 23:47:31.628 [info] > git for-each-ref --sort -committerdate --format %(refname)%00%(objectname)%00%(*objectname) [14ms]
2025-11-07 23:47:31.629 [info] > git status -z -uall [16ms]
2025-11-07 23:47:32.693 [info] > git config --get commit.template [21ms]
2025-11-07 23:47:32.694 [info] > git for-each-ref --format=%(refname)%00%(upstream:short)%00%(objectname)%00%(upstream:track)%00%(upstream:remotename)%00%(upstream:remoteref) --ignore-case refs/heads/main refs/remotes/main [20ms]
2025-11-07 23:47:32.695 [warning] [Git][revParse] Unable to read file: ENOENT: no such file or directory, open '/Users/marysanares/rork-mymotivfitx/.git/refs/remotes/origin/main'
2025-11-07 23:47:32.708 [info] > git rev-parse refs/remotes/origin/main [13ms]
2025-11-07 23:47:32.721 [info] > git for-each-ref --sort -committerdate --format %(refname)%00%(objectname)%00%(*objectname) [13ms]
2025-11-07 23:47:32.722 [info] > git status -z -uall [14ms]
2025-11-07 23:47:32.781 [info] > git ls-files --stage -- app.json [11ms]
2025-11-07 23:47:32.781 [info] > git ls-tree -l HEAD -- app.json [10ms]
2025-11-07 23:47:32.792 [info] > git cat-file -s efa9a16e696da1a658ca1e75ddb1651e6993a703 [11ms]
2025-11-07 23:47:32.795 [info] > git show --textconv HEAD:app.json [10ms]
2025-11-07 23:47:32.804 [info] > git show --textconv :app.json [12ms]
2025-11-07 23:47:49.654 [info] > git -c user.useConfigOnly=true commit --quiet [30ms]
2025-11-07 23:47:49.654 [info] Author identity unknown

*** Please tell me who you are.

Run

  git config --global user.email "you@example.com"
  git config --global user.name "Your Name"

to set your account's default identity.
Omit --global to set the identity only in this repository.

fatal: no email was given and auto-detection is disabled
2025-11-07 23:47:49.667 [info] > git config --get-all user.name [13ms]
2025-11-07 23:47:49.681 [info] > git config --get commit.template [13ms]
2025-11-07 23:47:49.682 [info] > git for-each-ref --format=%(refname)%00%(upstream:short)%00%(objectname)%00%(upstream:track)%00%(upstream:remotename)%00%(upstream:remoteref) --ignore-case refs/heads/main refs/remotes/main [14ms]
2025-11-07 23:47:49.682 [warning] [Git][revParse] Unable to read file: ENOENT: no such file or directory, open '/Users/marysanares/rork-mymotivfitx/.git/refs/remotes/origin/main'
2025-11-07 23:47:49.693 [info] > git rev-parse refs/remotes/origin/main [11ms]
2025-11-07 23:47:49.704 [info] > git for-each-ref --sort -committerdate --format %(refname)%00%(objectname)%00%(*objectname) [11ms]
2025-11-07 23:47:49.704 [info] > git status -z -uall [11ms]
2025-11-07 23:47:50.789 [info] > git config --get commit.template [20ms]
2025-11-07 23:47:50.791 [info] > git for-each-ref --format=%(refname)%00%(upstream:short)%00%(objectname)%00%(upstream:track)%00%(upstream:remotename)%00%(upstream:remoteref) --ignore-case refs/heads/main refs/remotes/main [19ms]
2025-11-07 23:47:50.791 [warning] [Git][revParse] Unable to read file: ENOENT: no such file or directory, open '/Users/marysanares/rork-mymotivfitx/.git/refs/remotes/origin/main'
2025-11-07 23:47:50.806 [info] > git rev-parse refs/remotes/origin/main [15ms]
2025-11-07 23:47:50.821 [info] > git for-each-ref --sort -committerdate --format %(refname)%00%(objectname)%00%(*objectname) [14ms]
2025-11-07 23:47:50.821 [info] > git status -z -uall [14ms]
2025-11-07 23:47:50.879 [info] > git ls-files --stage -- app.json [13ms]
2025-11-07 23:47:50.879 [info] > git ls-tree -l HEAD -- app.json [12ms]
2025-11-07 23:47:50.892 [info] > git cat-file -s efa9a16e696da1a658ca1e75ddb1651e6993a703 [13ms]
2025-11-07 23:47:50.892 [info] > git show --textconv HEAD:app.json [11ms]
2025-11-07 23:47:50.905 [info] > git show --textconv :app.json [12ms]
2025-11-07 23:48:52.960 [info] > git ls-files --stage -- app.json [27ms]
2025-11-07 23:48:52.963 [info] > git ls-tree -l HEAD -- app.json [31ms]
2025-11-07 23:48:52.963 [info] > git show --textconv HEAD:app.json [32ms]
2025-11-07 23:48:52.963 [info] > git show --textconv :app.json [31ms]
2025-11-07 23:48:52.974 [info] > git cat-file -s efa9a16e696da1a658ca1e75ddb1651e6993a703 [13ms]
2025-11-07 23:48:53.468 [info] > git check-ignore -v -z --stdin [28ms]
2025-11-07 23:50:53.131 [info] > git ls-files --stage -- app.json [27ms]
2025-11-07 23:50:53.132 [info] > git ls-tree -l HEAD -- app.json [28ms]
2025-11-07 23:50:53.144 [info] > git cat-file -s efa9a16e696da1a658ca1e75ddb1651e6993a703 [13ms]
2025-11-07 23:51:26.433 [info] > git ls-files --stage -- app.json [16ms]
2025-11-07 23:51:26.434 [info] > git ls-tree -l HEAD -- app.json [17ms]
2025-11-07 23:51:26.434 [info] > git show --textconv :app.json [18ms]
2025-11-07 23:51:26.434 [info] > git show --textconv HEAD:app.json [18ms]
2025-11-07 23:51:26.446 [info] > git cat-file -s efa9a16e696da1a658ca1e75ddb1651e6993a703 [13ms]
2025-11-07 23:56:51.340 [info] > git add -A -- app.json [27ms]
2025-11-07 23:56:51.352 [info] > git config --get commit.template [11ms]
2025-11-07 23:56:51.353 [info] > git for-each-ref --format=%(refname)%00%(upstream:short)%00%(objectname)%00%(upstream:track)%00%(upstream:remotename)%00%(upstream:remoteref) --ignore-case refs/heads/main refs/remotes/main [11ms]
2025-11-07 23:56:51.354 [warning] [Git][revParse] Unable to read file: ENOENT: no such file or directory, open '/Users/marysanares/rork-mymotivfitx/.git/refs/remotes/origin/main'
2025-11-07 23:56:51.364 [info] > git rev-parse refs/remotes/origin/main [10ms]
2025-11-07 23:56:51.375 [info] > git for-each-ref --sort -committerdate --format %(refname)%00%(objectname)%00%(*objectname) [11ms]
2025-11-07 23:56:51.376 [info] > git status -z -uall [12ms]
2025-11-07 23:56:51.395 [info] > git -c user.useConfigOnly=true commit --quiet [18ms]
2025-11-07 23:56:51.395 [info] Author identity unknown

*** Please tell me who you are.

Run

  git config --global user.email "you@example.com"
  git config --global user.name "Your Name"

to set your account's default identity.
Omit --global to set the identity only in this repository.

fatal: no email was given and auto-detection is disabled
2025-11-07 23:56:51.408 [info] > git config --get-all user.name [12ms]
2025-11-07 23:56:51.418 [info] > git config --get commit.template [9ms]
2025-11-07 23:56:51.419 [info] > git for-each-ref --format=%(refname)%00%(upstream:short)%00%(objectname)%00%(upstream:track)%00%(upstream:remotename)%00%(upstream:remoteref) --ignore-case refs/heads/main refs/remotes/main [10ms]
2025-11-07 23:56:51.419 [warning] [Git][revParse] Unable to read file: ENOENT: no such file or directory, open '/Users/marysanares/rork-mymotivfitx/.git/refs/remotes/origin/main'
2025-11-07 23:56:51.429 [info] > git rev-parse refs/remotes/origin/main [10ms]
2025-11-07 23:56:51.439 [info] > git for-each-ref --sort -committerdate --format %(refname)%00%(objectname)%00%(*objectname) [9ms]
2025-11-07 23:56:51.439 [info] > git status -z -uall [10ms]
2025-11-07 23:56:52.552 [info] > git config --get commit.template [16ms]
2025-11-07 23:56:52.553 [info] > git for-each-ref --format=%(refname)%00%(upstream:short)%00%(objectname)%00%(upstream:track)%00%(upstream:remotename)%00%(upstream:remoteref) --ignore-case refs/heads/main refs/remotes/main [17ms]
2025-11-07 23:56:52.553 [warning] [Git][revParse] Unable to read file: ENOENT: no such file or directory, open '/Users/marysanares/rork-mymotivfitx/.git/refs/remotes/origin/main'
2025-11-07 23:56:52.565 [info] > git rev-parse refs/remotes/origin/main [12ms]
2025-11-07 23:56:52.578 [info] > git for-each-ref --sort -committerdate --format %(refname)%00%(objectname)%00%(*objectname) [12ms]
2025-11-07 23:56:52.578 [info] > git status -z -uall [12ms]
2025-11-07 23:56:52.653 [info] > git ls-files --stage -- app.json [13ms]
2025-11-07 23:56:52.653 [info] > git ls-files --stage -- app.json [13ms]
2025-11-07 23:56:52.654 [info] > git ls-tree -l HEAD -- app.json [14ms]
2025-11-07 23:56:52.654 [info] > git ls-tree -l HEAD -- app.json [14ms]
2025-11-07 23:56:52.682 [info] > git cat-file -s 74aee13c80e9d2f50c4d416e686c9e5b09db5a0c [29ms]
2025-11-07 23:56:52.682 [info] > git cat-file -s 74aee13c80e9d2f50c4d416e686c9e5b09db5a0c [28ms]
2025-11-07 23:56:52.683 [info] > git show --textconv HEAD:app.json [25ms]
2025-11-07 23:56:52.686 [info] > git show --textconv HEAD:app.json [27ms]
2025-11-07 23:56:52.696 [info] > git show --textconv :app.json [11ms]
2025-11-07 23:56:52.697 [info] > git show --textconv :app.json [11ms]
2025-11-07 23:56:57.610 [info] > git config --get commit.template [26ms]
2025-11-07 23:56:57.611 [info] > git for-each-ref --format=%(refname)%00%(upstream:short)%00%(objectname)%00%(upstream:track)%00%(upstream:remotename)%00%(upstream:remoteref) --ignore-case refs/heads/main refs/remotes/main [25ms]
2025-11-07 23:56:57.611 [warning] [Git][revParse] Unable to read file: ENOENT: no such file or directory, open '/Users/marysanares/rork-mymotivfitx/.git/refs/remotes/origin/main'
2025-11-07 23:56:57.624 [info] > git rev-parse refs/remotes/origin/main [13ms]
2025-11-07 23:56:57.639 [info] > git for-each-ref --sort -committerdate --format %(refname)%00%(objectname)%00%(*objectname) [14ms]
2025-11-07 23:56:57.639 [info] > git status -z -uall [14ms]
2025-11-08 00:01:57.005 [info] > git config --get commit.template [74ms]
2025-11-08 00:01:57.021 [info] > git ls-files --stage -- app.json [87ms]
2025-11-08 00:01:57.022 [info] > git ls-files --stage -- app.json [86ms]
2025-11-08 00:01:57.025 [info] > git ls-tree -l HEAD -- app.json [87ms]
2025-11-08 00:01:57.025 [info] > git ls-tree -l HEAD -- app.json [93ms]
2025-11-08 00:01:57.025 [info] > git for-each-ref --format=%(refname)%00%(upstream:short)%00%(objectname)%00%(upstream:track)%00%(upstream:remotename)%00%(upstream:remoteref) --ignore-case refs/heads/main refs/remotes/main [84ms]
2025-11-08 00:01:57.025 [warning] [Git][revParse] Unable to read file: ENOENT: no such file or directory, open '/Users/marysanares/rork-mymotivfitx/.git/refs/remotes/origin/main'
2025-11-08 00:01:57.044 [info] > git cat-file -s 74aee13c80e9d2f50c4d416e686c9e5b09db5a0c [22ms]
2025-11-08 00:01:57.045 [info] > git cat-file -s 74aee13c80e9d2f50c4d416e686c9e5b09db5a0c [22ms]
2025-11-08 00:01:57.047 [info] > git rev-parse refs/remotes/origin/main [22ms]
2025-11-08 00:01:57.050 [info] > git show --textconv HEAD:app.json [21ms]
2025-11-08 00:01:57.050 [info] > git show --textconv HEAD:app.json [21ms]
2025-11-08 00:01:57.060 [info] > git show --textconv :app.json [15ms]
2025-11-08 00:01:57.060 [info] > git show --textconv :app.json [14ms]
2025-11-08 00:01:57.062 [info] > git for-each-ref --sort -committerdate --format %(refname)%00%(objectname)%00%(*objectname) [14ms]
2025-11-08 00:01:57.064 [info] > git status -z -uall [16ms]
2025-11-08 00:02:02.096 [info] > git config --get commit.template [24ms]
2025-11-08 00:02:02.097 [info] > git for-each-ref --format=%(refname)%00%(upstream:short)%00%(objectname)%00%(upstream:track)%00%(upstream:remotename)%00%(upstream:remoteref) --ignore-case refs/heads/main refs/remotes/main [24ms]
2025-11-08 00:02:02.098 [warning] [Git][revParse] Unable to read file: ENOENT: no such file or directory, open '/Users/marysanares/rork-mymotivfitx/.git/refs/remotes/origin/main'
2025-11-08 00:02:02.112 [info] > git rev-parse refs/remotes/origin/main [14ms]
2025-11-08 00:02:02.126 [info] > git for-each-ref --sort -committerdate --format %(refname)%00%(objectname)%00%(*objectname) [13ms]
2025-11-08 00:02:02.127 [info] > git status -z -uall [14ms]
2025-11-08 00:02:31.379 [info] > git add -A -- app.json [15ms]
2025-11-08 00:02:31.391 [info] > git config --get commit.template [11ms]
2025-11-08 00:02:31.392 [info] > git for-each-ref --format=%(refname)%00%(upstream:short)%00%(objectname)%00%(upstream:track)%00%(upstream:remotename)%00%(upstream:remoteref) --ignore-case refs/heads/main refs/remotes/main [11ms]
2025-11-08 00:02:31.392 [warning] [Git][revParse] Unable to read file: ENOENT: no such file or directory, open '/Users/marysanares/rork-mymotivfitx/.git/refs/remotes/origin/main'
2025-11-08 00:02:31.402 [info] > git rev-parse refs/remotes/origin/main [10ms]
2025-11-08 00:02:31.413 [info] > git for-each-ref --sort -committerdate --format %(refname)%00%(objectname)%00%(*objectname) [11ms]
2025-11-08 00:02:31.413 [info] > git status -z -uall [11ms]
2025-11-08 00:02:31.429 [info] > git -c user.useConfigOnly=true commit --quiet [15ms]
2025-11-08 00:02:31.429 [info] Author identity unknown

*** Please tell me who you are.

Run

  git config --global user.email "you@example.com"
  git config --global user.name "Your Name"

to set your account's default identity.
Omit --global to set the identity only in this repository.

fatal: no email was given and auto-detection is disabled
2025-11-08 00:02:31.439 [info] > git config --get-all user.name [9ms]
2025-11-08 00:02:31.449 [info] > git config --get commit.template [9ms]
2025-11-08 00:02:31.449 [info] > git for-each-ref --format=%(refname)%00%(upstream:short)%00%(objectname)%00%(upstream:track)%00%(upstream:remotename)%00%(upstream:remoteref) --ignore-case refs/heads/main refs/remotes/main [9ms]
2025-11-08 00:02:31.450 [warning] [Git][revParse] Unable to read file: ENOENT: no such file or directory, open '/Users/marysanares/rork-mymotivfitx/.git/refs/remotes/origin/main'
2025-11-08 00:02:31.459 [info] > git rev-parse refs/remotes/origin/main [9ms]
2025-11-08 00:02:31.469 [info] > git for-each-ref --sort -committerdate --format %(refname)%00%(objectname)%00%(*objectname) [10ms]
2025-11-08 00:02:31.470 [info] > git status -z -uall [11ms]
2025-11-08 00:02:32.610 [info] > git config --get commit.template [26ms]
2025-11-08 00:02:32.611 [info] > git for-each-ref --format=%(refname)%00%(upstream:short)%00%(objectname)%00%(upstream:track)%00%(upstream:remotename)%00%(upstream:remoteref) --ignore-case refs/heads/main refs/remotes/main [26ms]
2025-11-08 00:02:32.612 [warning] [Git][revParse] Unable to read file: ENOENT: no such file or directory, open '/Users/marysanares/rork-mymotivfitx/.git/refs/remotes/origin/main'
2025-11-08 00:02:32.625 [info] > git rev-parse refs/remotes/origin/main [13ms]
2025-11-08 00:02:32.638 [info] > git for-each-ref --sort -committerdate --format %(refname)%00%(objectname)%00%(*objectname) [12ms]
2025-11-08 00:02:32.638 [info] > git status -z -uall [13ms]
2025-11-08 00:02:32.691 [info] > git ls-files --stage -- app.json [12ms]
2025-11-08 00:02:32.691 [info] > git ls-files --stage -- app.json [13ms]
2025-11-08 00:02:32.692 [info] > git ls-tree -l HEAD -- app.json [13ms]
2025-11-08 00:02:32.692 [info] > git ls-tree -l HEAD -- app.json [14ms]
2025-11-08 00:02:32.704 [info] > git cat-file -s 4793ee7697405a37bc9781f4150d471f579c30ce [12ms]
2025-11-08 00:02:32.704 [info] > git show --textconv HEAD:app.json [11ms]
2025-11-08 00:02:32.705 [info] > git cat-file -s 4793ee7697405a37bc9781f4150d471f579c30ce [14ms]
2025-11-08 00:02:32.705 [info] > git show --textconv HEAD:app.json [11ms]
2025-11-08 00:02:32.716 [info] > git show --textconv :app.json [11ms]
2025-11-08 00:02:32.716 [info] > git show --textconv :app.json [10ms]
2025-11-08 00:02:37.671 [info] > git config --get commit.template [24ms]
2025-11-08 00:02:37.672 [info] > git for-each-ref --format=%(refname)%00%(upstream:short)%00%(objectname)%00%(upstream:track)%00%(upstream:remotename)%00%(upstream:remoteref) --ignore-case refs/heads/main refs/remotes/main [24ms]
2025-11-08 00:02:37.673 [warning] [Git][revParse] Unable to read file: ENOENT: no such file or directory, open '/Users/marysanares/rork-mymotivfitx/.git/refs/remotes/origin/main'
2025-11-08 00:02:37.686 [info] > git rev-parse refs/remotes/origin/main [13ms]
2025-11-08 00:02:37.700 [info] > git for-each-ref --sort -committerdate --format %(refname)%00%(objectname)%00%(*objectname) [13ms]
2025-11-08 00:02:37.701 [info] > git status -z -uall [14ms]
2025-11-08 00:06:31.187 [info] > git config --get commit.template [46ms]
2025-11-08 00:06:31.188 [info] > git ls-files --stage -- app.json [38ms]
2025-11-08 00:06:31.189 [info] > git ls-tree -l HEAD -- app.json [41ms]
2025-11-08 00:06:31.189 [info] > git for-each-ref --format=%(refname)%00%(upstream:short)%00%(objectname)%00%(upstream:track)%00%(upstream:remotename)%00%(upstream:remoteref) --ignore-case refs/heads/main refs/remotes/main [48ms]
2025-11-08 00:06:31.190 [info] > git ls-tree -l HEAD -- app.json [35ms]
2025-11-08 00:06:31.190 [warning] [Git][revParse] Unable to read file: ENOENT: no such file or directory, open '/Users/marysanares/rork-mymotivfitx/.git/refs/remotes/origin/main'
2025-11-08 00:06:31.191 [info] > git ls-files --stage -- app.json [39ms]
2025-11-08 00:06:31.212 [info] > git rev-parse refs/remotes/origin/main [22ms]
2025-11-08 00:06:31.213 [info] > git show --textconv HEAD:app.json [20ms]
2025-11-08 00:06:31.213 [info] > git cat-file -s 4793ee7697405a37bc9781f4150d471f579c30ce [21ms]
2025-11-08 00:06:31.214 [info] > git show --textconv HEAD:app.json [20ms]
2025-11-08 00:06:31.214 [info] > git cat-file -s 4793ee7697405a37bc9781f4150d471f579c30ce [26ms]
2025-11-08 00:06:31.227 [info] > git show --textconv :app.json [12ms]
2025-11-08 00:06:31.228 [info] > git show --textconv :app.json [12ms]
2025-11-08 00:06:31.228 [info] > git for-each-ref --sort -committerdate --format %(refname)%00%(objectname)%00%(*objectname) [15ms]
2025-11-08 00:06:31.228 [info] > git status -z -uall [15ms]
2025-11-08 00:08:09.567 [info] > git config --get commit.template [79ms]
2025-11-08 00:08:09.572 [info] > git for-each-ref --format=%(refname)%00%(upstream:short)%00%(objectname)%00%(upstream:track)%00%(upstream:remotename)%00%(upstream:remoteref) --ignore-case refs/heads/main refs/remotes/main [74ms]
2025-11-08 00:08:09.572 [warning] [Git][revParse] Unable to read file: ENOENT: no such file or directory, open '/Users/marysanares/rork-mymotivfitx/.git/refs/remotes/origin/main'
2025-11-08 00:08:09.590 [info] > git rev-parse refs/remotes/origin/main [18ms]
2025-11-08 00:08:09.613 [info] > git for-each-ref --sort -committerdate --format %(refname)%00%(objectname)%00%(*objectname) [21ms]
2025-11-08 00:08:09.614 [info] > git status -z -uall [23ms]
2025-11-08 00:12:42.996 [info] > git add -A -- app.json [26ms]
2025-11-08 00:12:43.008 [info] > git config --get commit.template [11ms]
2025-11-08 00:12:43.010 [info] > git for-each-ref --format=%(refname)%00%(upstream:short)%00%(objectname)%00%(upstream:track)%00%(upstream:remotename)%00%(upstream:remoteref) --ignore-case refs/heads/main refs/remotes/main [12ms]
2025-11-08 00:12:43.010 [warning] [Git][revParse] Unable to read file: ENOENT: no such file or directory, open '/Users/marysanares/rork-mymotivfitx/.git/refs/remotes/origin/main'
2025-11-08 00:12:43.020 [info] > git rev-parse refs/remotes/origin/main [10ms]
2025-11-08 00:12:43.040 [info] > git for-each-ref --sort -committerdate --format %(refname)%00%(objectname)%00%(*objectname) [18ms]
2025-11-08 00:12:43.041 [info] > git status -z -uall [20ms]
2025-11-08 00:12:43.056 [info] > git -c user.useConfigOnly=true commit --quiet [13ms]
2025-11-08 00:12:43.056 [info] Author identity unknown

*** Please tell me who you are.

Run

  git config --global user.email "you@example.com"
  git config --global user.name "Your Name"

to set your account's default identity.
Omit --global to set the identity only in this repository.

fatal: no email was given and auto-detection is disabled
2025-11-08 00:12:43.066 [info] > git config --get-all user.name [10ms]
2025-11-08 00:12:43.076 [info] > git config --get commit.template [10ms]
2025-11-08 00:12:43.077 [info] > git for-each-ref --format=%(refname)%00%(upstream:short)%00%(objectname)%00%(upstream:track)%00%(upstream:remotename)%00%(upstream:remoteref) --ignore-case refs/heads/main refs/remotes/main [10ms]
2025-11-08 00:12:43.077 [warning] [Git][revParse] Unable to read file: ENOENT: no such file or directory, open '/Users/marysanares/rork-mymotivfitx/.git/refs/remotes/origin/main'
2025-11-08 00:12:43.086 [info] > git rev-parse refs/remotes/origin/main [9ms]
2025-11-08 00:12:43.096 [info] > git for-each-ref --sort -committerdate --format %(refname)%00%(objectname)%00%(*objectname) [10ms]
2025-11-08 00:12:43.096 [info] > git status -z -uall [10ms]
2025-11-08 00:12:44.157 [info] > git config --get commit.template [13ms]
2025-11-08 00:12:44.158 [info] > git for-each-ref --format=%(refname)%00%(upstream:short)%00%(objectname)%00%(upstream:track)%00%(upstream:remotename)%00%(upstream:remoteref) --ignore-case refs/heads/main refs/remotes/main [14ms]
2025-11-08 00:12:44.159 [warning] [Git][revParse] Unable to read file: ENOENT: no such file or directory, open '/Users/marysanares/rork-mymotivfitx/.git/refs/remotes/origin/main'
2025-11-08 00:12:44.170 [info] > git rev-parse refs/remotes/origin/main [11ms]
2025-11-08 00:12:44.182 [info] > git for-each-ref --sort -committerdate --format %(refname)%00%(objectname)%00%(*objectname) [11ms]
2025-11-08 00:12:44.182 [info] > git status -z -uall [12ms]
2025-11-08 00:12:44.253 [info] > git ls-files --stage -- app.json [11ms]
2025-11-08 00:12:44.254 [info] > git ls-files --stage -- app.json [13ms]
2025-11-08 00:12:44.254 [info] > git ls-tree -l HEAD -- app.json [12ms]
2025-11-08 00:12:44.254 [info] > git ls-tree -l HEAD -- app.json [13ms]
2025-11-08 00:12:44.279 [info] > git cat-file -s e50b76e718d46ed47e264e6f4a6795725e6f4137 [25ms]
2025-11-08 00:12:44.283 [info] > git show --textconv HEAD:app.json [25ms]
2025-11-08 00:12:44.284 [info] > git cat-file -s e50b76e718d46ed47e264e6f4a6795725e6f4137 [30ms]
2025-11-08 00:12:44.288 [info] > git show --textconv HEAD:app.json [30ms]
2025-11-08 00:12:44.292 [info] > git show --textconv :app.json [12ms]
2025-11-08 00:12:44.298 [info] > git show --textconv :app.json [11ms]
2025-11-08 00:18:44.829 [info] > git config --get commit.template [50ms]
2025-11-08 00:18:44.830 [info] > git ls-files --stage -- app.json [35ms]
2025-11-08 00:18:44.830 [info] > git ls-files --stage -- app.json [34ms]
2025-11-08 00:18:44.832 [info] > git ls-tree -l HEAD -- app.json [40ms]
2025-11-08 00:18:44.833 [info] > git ls-tree -l HEAD -- app.json [35ms]
2025-11-08 00:18:44.833 [info] > git for-each-ref --format=%(refname)%00%(upstream:short)%00%(objectname)%00%(upstream:track)%00%(upstream:remotename)%00%(upstream:remoteref) --ignore-case refs/heads/main refs/remotes/main [53ms]
2025-11-08 00:18:44.833 [warning] [Git][revParse] Unable to read file: ENOENT: no such file or directory, open '/Users/marysanares/rork-mymotivfitx/.git/refs/remotes/origin/main'
2025-11-08 00:18:44.852 [info] > git rev-parse refs/remotes/origin/main [19ms]
2025-11-08 00:18:44.853 [info] > git cat-file -s e50b76e718d46ed47e264e6f4a6795725e6f4137 [23ms]
2025-11-08 00:18:44.853 [info] > git cat-file -s e50b76e718d46ed47e264e6f4a6795725e6f4137 [22ms]
2025-11-08 00:18:44.854 [info] > git show --textconv HEAD:app.json [18ms]
2025-11-08 00:18:44.855 [info] > git show --textconv HEAD:app.json [19ms]
2025-11-08 00:18:44.868 [info] > git show --textconv :app.json [13ms]
2025-11-08 00:18:44.869 [info] > git show --textconv :app.json [14ms]
2025-11-08 00:18:44.869 [info] > git for-each-ref --sort -committerdate --format %(refname)%00%(objectname)%00%(*objectname) [16ms]
2025-11-08 00:18:44.870 [info] > git status -z -uall [18ms]
2025-11-08 00:18:49.903 [info] > git config --get commit.template [24ms]
2025-11-08 00:18:49.904 [info] > git for-each-ref --format=%(refname)%00%(upstream:short)%00%(objectname)%00%(upstream:track)%00%(upstream:remotename)%00%(upstream:remoteref) --ignore-case refs/heads/main refs/remotes/main [24ms]
2025-11-08 00:18:49.905 [warning] [Git][revParse] Unable to read file: ENOENT: no such file or directory, open '/Users/marysanares/rork-mymotivfitx/.git/refs/remotes/origin/main'
2025-11-08 00:18:49.919 [info] > git rev-parse refs/remotes/origin/main [14ms]
2025-11-08 00:18:49.933 [info] > git for-each-ref --sort -committerdate --format %(refname)%00%(objectname)%00%(*objectname) [13ms]
2025-11-08 00:18:49.934 [info] > git status -z -uall [14ms]
2025-11-08 00:19:09.488 [info] > git add -A -- app.json [15ms]
2025-11-08 00:19:09.500 [info] > git config --get commit.template [11ms]
2025-11-08 00:19:09.501 [info] > git for-each-ref --format=%(refname)%00%(upstream:short)%00%(objectname)%00%(upstream:track)%00%(upstream:remotename)%00%(upstream:remoteref) --ignore-case refs/heads/main refs/remotes/main [12ms]
2025-11-08 00:19:09.501 [warning] [Git][revParse] Unable to read file: ENOENT: no such file or directory, open '/Users/marysanares/rork-mymotivfitx/.git/refs/remotes/origin/main'
2025-11-08 00:19:09.512 [info] > git rev-parse refs/remotes/origin/main [11ms]
2025-11-08 00:19:09.522 [info] > git for-each-ref --sort -committerdate --format %(refname)%00%(objectname)%00%(*objectname) [10ms]
2025-11-08 00:19:09.523 [info] > git status -z -uall [11ms]
2025-11-08 00:19:09.536 [info] > git -c user.useConfigOnly=true commit --quiet [12ms]
2025-11-08 00:19:09.536 [info] Author identity unknown

*** Please tell me who you are.

Run

  git config --global user.email "you@example.com"
  git config --global user.name "Your Name"

to set your account's default identity.
Omit --global to set the identity only in this repository.

fatal: no email was given and auto-detection is disabled
2025-11-08 00:19:09.555 [info] > git config --get-all user.name [19ms]
2025-11-08 00:19:09.569 [info] > git config --get commit.template [13ms]
2025-11-08 00:19:09.569 [info] > git for-each-ref --format=%(refname)%00%(upstream:short)%00%(objectname)%00%(upstream:track)%00%(upstream:remotename)%00%(upstream:remoteref) --ignore-case refs/heads/main refs/remotes/main [13ms]
2025-11-08 00:19:09.570 [warning] [Git][revParse] Unable to read file: ENOENT: no such file or directory, open '/Users/marysanares/rork-mymotivfitx/.git/refs/remotes/origin/main'
2025-11-08 00:19:09.579 [info] > git rev-parse refs/remotes/origin/main [9ms]
2025-11-08 00:19:09.589 [info] > git for-each-ref --sort -committerdate --format %(refname)%00%(objectname)%00%(*objectname) [10ms]
2025-11-08 00:19:09.590 [info] > git status -z -uall [11ms]
2025-11-08 00:19:10.712 [info] > git config --get commit.template [26ms]
2025-11-08 00:19:10.713 [info] > git for-each-ref --format=%(refname)%00%(upstream:short)%00%(objectname)%00%(upstream:track)%00%(upstream:remotename)%00%(upstream:remoteref) --ignore-case refs/heads/main refs/remotes/main [25ms]
2025-11-08 00:19:10.713 [warning] [Git][revParse] Unable to read file: ENOENT: no such file or directory, open '/Users/marysanares/rork-mymotivfitx/.git/refs/remotes/origin/main'
2025-11-08 00:19:10.727 [info] > git rev-parse refs/remotes/origin/main [14ms]
2025-11-08 00:19:10.741 [info] > git for-each-ref --sort -committerdate --format %(refname)%00%(objectname)%00%(*objectname) [13ms]
2025-11-08 00:19:10.741 [info] > git status -z -uall [13ms]
2025-11-08 00:19:10.800 [info] > git ls-files --stage -- app.json [13ms]
2025-11-08 00:19:10.801 [info] > git ls-files --stage -- app.json [13ms]
2025-11-08 00:19:10.801 [info] > git ls-tree -l HEAD -- app.json [14ms]
2025-11-08 00:19:10.801 [info] > git ls-tree -l HEAD -- app.json [13ms]
2025-11-08 00:19:10.815 [info] > git cat-file -s e50b76e718d46ed47e264e6f4a6795725e6f4137 [14ms]
2025-11-08 00:19:10.815 [info] > git show --textconv HEAD:app.json [12ms]
2025-11-08 00:19:10.815 [info] > git show --textconv HEAD:app.json [12ms]
2025-11-08 00:19:10.815 [info] > git cat-file -s e50b76e718d46ed47e264e6f4a6795725e6f4137 [14ms]
2025-11-08 00:19:10.828 [info] > git show --textconv :app.json [12ms]
2025-11-08 00:19:10.828 [info] > git show --textconv :app.json [11ms]
2025-11-08 00:19:12.989 [info] > git -c user.useConfigOnly=true commit --quiet [21ms]
2025-11-08 00:19:12.989 [info] Author identity unknown

*** Please tell me who you are.

Run

  git config --global user.email "you@example.com"
  git config --global user.name "Your Name"

to set your account's default identity.
Omit --global to set the identity only in this repository.

fatal: no email was given and auto-detection is disabled
2025-11-08 00:19:13.002 [info] > git config --get-all user.name [13ms]
2025-11-08 00:19:13.014 [info] > git config --get commit.template [11ms]
2025-11-08 00:19:13.015 [info] > git for-each-ref --format=%(refname)%00%(upstream:short)%00%(objectname)%00%(upstream:track)%00%(upstream:remotename)%00%(upstream:remoteref) --ignore-case refs/heads/main refs/remotes/main [12ms]
2025-11-08 00:19:13.016 [warning] [Git][revParse] Unable to read file: ENOENT: no such file or directory, open '/Users/marysanares/rork-mymotivfitx/.git/refs/remotes/origin/main'
2025-11-08 00:19:13.026 [info] > git rev-parse refs/remotes/origin/main [10ms]
2025-11-08 00:19:13.037 [info] > git for-each-ref --sort -committerdate --format %(refname)%00%(objectname)%00%(*objectname) [10ms]
2025-11-08 00:19:13.037 [info] > git status -z -uall [10ms]
2025-11-08 00:19:14.209 [info] > git ls-files --stage -- app.json [24ms]
2025-11-08 00:19:14.209 [info] > git ls-files --stage -- app.json [25ms]
2025-11-08 00:19:14.210 [info] > git ls-tree -l HEAD -- app.json [27ms]
2025-11-08 00:19:14.210 [info] > git ls-tree -l HEAD -- app.json [24ms]
2025-11-08 00:19:14.225 [info] > git cat-file -s e50b76e718d46ed47e264e6f4a6795725e6f4137 [15ms]
2025-11-08 00:19:14.226 [info] > git cat-file -s e50b76e718d46ed47e264e6f4a6795725e6f4137 [17ms]
2025-11-08 00:19:14.227 [info] > git show --textconv HEAD:app.json [15ms]
2025-11-08 00:19:14.227 [info] > git show --textconv HEAD:app.json [15ms]
2025-11-08 00:19:14.239 [info] > git show --textconv :app.json [13ms]
2025-11-08 00:19:14.240 [info] > git show --textconv :app.json [12ms]
2025-11-08 00:19:15.770 [info] > git config --get commit.template [20ms]
2025-11-08 00:19:15.771 [info] > git for-each-ref --format=%(refname)%00%(upstream:short)%00%(objectname)%00%(upstream:track)%00%(upstream:remotename)%00%(upstream:remoteref) --ignore-case refs/heads/main refs/remotes/main [19ms]
2025-11-08 00:19:15.772 [warning] [Git][revParse] Unable to read file: ENOENT: no such file or directory, open '/Users/marysanares/rork-mymotivfitx/.git/refs/remotes/origin/main'
2025-11-08 00:19:15.785 [info] > git rev-parse refs/remotes/origin/main [13ms]
2025-11-08 00:19:15.798 [info] > git for-each-ref --sort -committerdate --format %(refname)%00%(objectname)%00%(*objectname) [12ms]
2025-11-08 00:19:15.798 [info] > git status -z -uall [13ms]
2025-11-08 00:24:24.417 [info] > git config --get commit.template [45ms]
2025-11-08 00:24:24.417 [info] > git ls-files --stage -- app.json [47ms]
2025-11-08 00:24:24.418 [info] > git ls-files --stage -- app.json [50ms]
2025-11-08 00:24:24.419 [info] > git ls-tree -l HEAD -- app.json [52ms]
2025-11-08 00:24:24.419 [info] > git ls-tree -l HEAD -- app.json [48ms]
2025-11-08 00:24:24.420 [info] > git for-each-ref --format=%(refname)%00%(upstream:short)%00%(objectname)%00%(upstream:track)%00%(upstream:remotename)%00%(upstream:remoteref) --ignore-case refs/heads/main refs/remotes/main [42ms]
2025-11-08 00:24:24.421 [warning] [Git][revParse] Unable to read file: ENOENT: no such file or directory, open '/Users/marysanares/rork-mymotivfitx/.git/refs/remotes/origin/main'
2025-11-08 00:24:24.433 [info] > git cat-file -s e50b76e718d46ed47e264e6f4a6795725e6f4137 [15ms]
2025-11-08 00:24:24.434 [info] > git cat-file -s e50b76e718d46ed47e264e6f4a6795725e6f4137 [16ms]
2025-11-08 00:24:24.435 [info] > git rev-parse refs/remotes/origin/main [14ms]
2025-11-08 00:24:24.436 [info] > git show --textconv HEAD:app.json [15ms]
2025-11-08 00:24:24.436 [info] > git show --textconv HEAD:app.json [14ms]
2025-11-08 00:24:24.451 [info] > git show --textconv :app.json [13ms]
2025-11-08 00:24:24.451 [info] > git show --textconv :app.json [14ms]
2025-11-08 00:24:24.452 [info] > git for-each-ref --sort -committerdate --format %(refname)%00%(objectname)%00%(*objectname) [15ms]
2025-11-08 00:24:24.452 [info] > git status -z -uall [17ms]
2025-11-08 00:24:24.566 [info] > git merge-base refs/heads/main refs/remotes/origin/main [112ms]
2025-11-08 00:24:24.588 [info] > git diff --name-status -z --diff-filter=ADMR 0883a355e1bbf9cc67083131c395b7e578356afa...refs/remotes/origin/main [21ms]
2025-11-08 00:24:24.591 [info] > git log --format=%H%n%aN%n%aE%n%at%n%ct%n%P%n%D%n%B -z --shortstat --diff-merges=first-parent -n50 --skip=0 --topo-order --decorate=full --stdin [131ms]
2025-11-08 00:27:05.671 [info] > git config --get commit.template [54ms]
2025-11-08 00:27:05.677 [info] > git for-each-ref --format=%(refname)%00%(upstream:short)%00%(objectname)%00%(upstream:track)%00%(upstream:remotename)%00%(upstream:remoteref) --ignore-case refs/heads/main refs/remotes/main [60ms]
2025-11-08 00:27:05.677 [warning] [Git][revParse] Unable to read file: ENOENT: no such file or directory, open '/Users/marysanares/rork-mymotivfitx/.git/refs/remotes/origin/main'
2025-11-08 00:27:05.689 [info] > git rev-parse refs/remotes/origin/main [12ms]
2025-11-08 00:27:05.701 [info] > git for-each-ref --sort -committerdate --format %(refname)%00%(objectname)%00%(*objectname) [11ms]
2025-11-08 00:27:05.701 [info] > git status -z -uall [11ms]
2025-11-08 00:27:10.733 [info] > git config --get commit.template [24ms]
2025-11-08 00:27:10.735 [info] > git for-each-ref --format=%(refname)%00%(upstream:short)%00%(objectname)%00%(upstream:track)%00%(upstream:remotename)%00%(upstream:remoteref) --ignore-case refs/heads/main refs/remotes/main [25ms]
2025-11-08 00:27:10.735 [warning] [Git][revParse] Unable to read file: ENOENT: no such file or directory, open '/Users/marysanares/rork-mymotivfitx/.git/refs/remotes/origin/main'
2025-11-08 00:27:10.748 [info] > git rev-parse refs/remotes/origin/main [13ms]
2025-11-08 00:27:10.773 [info] > git for-each-ref --sort -committerdate --format %(refname)%00%(objectname)%00%(*objectname) [24ms]
2025-11-08 00:27:10.773 [info] > git status -z -uall [24ms]
2025-11-08 00:28:04.390 [info] > git add -A -- . [20ms]
2025-11-08 00:28:04.409 [info] > git -c user.useConfigOnly=true commit --quiet [18ms]
2025-11-08 00:28:04.409 [info] Author identity unknown

*** Please tell me who you are.

Run

  git config --global user.email "you@example.com"
  git config --global user.name "Your Name"

to set your account's default identity.
Omit --global to set the identity only in this repository.

fatal: no email was given and auto-detection is disabled
2025-11-08 00:28:04.419 [info] > git blame --root --incremental 89a0219fa8fd9fb96987ee76e9606b75fee75227 -- app.json [17ms]
2025-11-08 00:28:04.423 [info] > git config --get-all user.name [13ms]
2025-11-08 00:28:04.434 [info] > git config --get commit.template [10ms]
2025-11-08 00:28:04.434 [info] > git for-each-ref --format=%(refname)%00%(upstream:short)%00%(objectname)%00%(upstream:track)%00%(upstream:remotename)%00%(upstream:remoteref) --ignore-case refs/heads/main refs/remotes/main [10ms]
2025-11-08 00:28:04.435 [warning] [Git][revParse] Unable to read file: ENOENT: no such file or directory, open '/Users/marysanares/rork-mymotivfitx/.git/refs/remotes/origin/main'
2025-11-08 00:28:04.444 [info] > git rev-parse refs/remotes/origin/main [9ms]
2025-11-08 00:28:04.455 [info] > git status -z -uall [10ms]
2025-11-08 00:28:04.456 [info] > git for-each-ref --sort -committerdate --format %(refname)%00%(objectname)%00%(*objectname) [11ms]
2025-11-08 00:28:05.523 [info] > git config --get commit.template [19ms]
2025-11-08 00:28:05.524 [info] > git for-each-ref --format=%(refname)%00%(upstream:short)%00%(objectname)%00%(upstream:track)%00%(upstream:remotename)%00%(upstream:remoteref) --ignore-case refs/heads/main refs/remotes/main [19ms]
2025-11-08 00:28:05.525 [warning] [Git][revParse] Unable to read file: ENOENT: no such file or directory, open '/Users/marysanares/rork-mymotivfitx/.git/refs/remotes/origin/main'
2025-11-08 00:28:05.538 [info] > git rev-parse refs/remotes/origin/main [13ms]
2025-11-08 00:28:05.551 [info] > git for-each-ref --sort -committerdate --format %(refname)%00%(objectname)%00%(*objectname) [12ms]
2025-11-08 00:28:05.551 [info] > git status -z -uall [13ms]
2025-11-08 00:28:05.615 [info] > git ls-files --stage -- app.json [12ms]
2025-11-08 00:28:05.615 [info] > git ls-files --stage -- app.json [12ms]
2025-11-08 00:28:05.616 [info] > git ls-tree -l HEAD -- app.json [13ms]
2025-11-08 00:28:05.627 [info] > git cat-file -s e50b76e718d46ed47e264e6f4a6795725e6f4137 [12ms]
2025-11-08 00:28:05.627 [info] > git show --textconv HEAD:app.json [10ms]
2025-11-08 00:28:05.627 [info] > git cat-file -s e50b76e718d46ed47e264e6f4a6795725e6f4137 [12ms]
2025-11-08 00:28:05.640 [info] > git show --textconv :app.json [11ms]
2025-11-08 00:28:05.641 [info] > git show --textconv :app.json [11ms]
2025-11-08 00:28:07.750 [info] > git -c user.useConfigOnly=true commit --quiet [26ms]
2025-11-08 00:28:07.750 [info] Author identity unknown

*** Please tell me who you are.

Run

  git config --global user.email "you@example.com"
  git config --global user.name "Your Name"

to set your account's default identity.
Omit --global to set the identity only in this repository.

fatal: no email was given and auto-detection is disabled
2025-11-08 00:28:07.764 [info] > git config --get-all user.name [14ms]
2025-11-08 00:28:07.776 [info] > git config --get commit.template [11ms]
2025-11-08 00:28:07.777 [info] > git for-each-ref --format=%(refname)%00%(upstream:short)%00%(objectname)%00%(upstream:track)%00%(upstream:remotename)%00%(upstream:remoteref) --ignore-case refs/heads/main refs/remotes/main [12ms]
2025-11-08 00:28:07.778 [warning] [Git][revParse] Unable to read file: ENOENT: no such file or directory, open '/Users/marysanares/rork-mymotivfitx/.git/refs/remotes/origin/main'
2025-11-08 00:28:07.788 [info] > git rev-parse refs/remotes/origin/main [10ms]
2025-11-08 00:28:07.800 [info] > git for-each-ref --sort -committerdate --format %(refname)%00%(objectname)%00%(*objectname) [11ms]
2025-11-08 00:28:07.800 [info] > git status -z -uall [11ms]
2025-11-08 00:28:08.975 [info] > git ls-files --stage -- app.json [24ms]
2025-11-08 00:28:08.975 [info] > git ls-files --stage -- app.json [25ms]
2025-11-08 00:28:08.976 [info] > git ls-tree -l HEAD -- app.json [27ms]
2025-11-08 00:28:08.990 [info] > git cat-file -s e50b76e718d46ed47e264e6f4a6795725e6f4137 [15ms]
2025-11-08 00:28:08.991 [info] > git cat-file -s e50b76e718d46ed47e264e6f4a6795725e6f4137 [15ms]
2025-11-08 00:28:08.996 [info] > git show --textconv HEAD:app.json [15ms]
2025-11-08 00:28:09.004 [info] > git show --textconv :app.json [13ms]
2025-11-08 00:28:09.004 [info] > git show --textconv :app.json [12ms]
2025-11-08 00:28:10.584 [info] > git config --get commit.template [24ms]
2025-11-08 00:28:10.586 [info] > git for-each-ref --format=%(refname)%00%(upstream:short)%00%(objectname)%00%(upstream:track)%00%(upstream:remotename)%00%(upstream:remoteref) --ignore-case refs/heads/main refs/remotes/main [24ms]
2025-11-08 00:28:10.586 [warning] [Git][revParse] Unable to read file: ENOENT: no such file or directory, open '/Users/marysanares/rork-mymotivfitx/.git/refs/remotes/origin/main'
2025-11-08 00:28:10.600 [info] > git rev-parse refs/remotes/origin/main [14ms]
2025-11-08 00:28:10.613 [info] > git for-each-ref --sort -committerdate --format %(refname)%00%(objectname)%00%(*objectname) [12ms]
2025-11-08 00:28:10.614 [info] > git status -z -uall [14ms]
2025-11-08 00:28:12.217 [info] > git -c user.useConfigOnly=true commit --quiet [27ms]
2025-11-08 00:28:12.217 [info] Author identity unknown

*** Please tell me who you are.

Run

  git config --global user.email "you@example.com"
  git config --global user.name "Your Name"

to set your account's default identity.
Omit --global to set the identity only in this repository.

fatal: no email was given and auto-detection is disabled
2025-11-08 00:28:12.231 [info] > git config --get-all user.name [13ms]
2025-11-08 00:28:12.244 [info] > git config --get commit.template [12ms]
2025-11-08 00:28:12.244 [info] > git for-each-ref --format=%(refname)%00%(upstream:short)%00%(objectname)%00%(upstream:track)%00%(upstream:remotename)%00%(upstream:remoteref) --ignore-case refs/heads/main refs/remotes/main [12ms]
2025-11-08 00:28:12.245 [warning] [Git][revParse] Unable to read file: ENOENT: no such file or directory, open '/Users/marysanares/rork-mymotivfitx/.git/refs/remotes/origin/main'
2025-11-08 00:28:12.256 [info] > git rev-parse refs/remotes/origin/main [11ms]
2025-11-08 00:28:12.267 [info] > git for-each-ref --sort -committerdate --format %(refname)%00%(objectname)%00%(*objectname) [10ms]
2025-11-08 00:28:12.267 [info] > git status -z -uall [11ms]
2025-11-08 00:28:13.444 [info] > git ls-files --stage -- app.json [23ms]
2025-11-08 00:28:13.445 [info] > git ls-files --stage -- app.json [24ms]
2025-11-08 00:28:13.445 [info] > git ls-tree -l HEAD -- app.json [26ms]
2025-11-08 00:28:13.460 [info] > git cat-file -s e50b76e718d46ed47e264e6f4a6795725e6f4137 [15ms]
2025-11-08 00:28:13.460 [info] > git cat-file -s e50b76e718d46ed47e264e6f4a6795725e6f4137 [15ms]
2025-11-08 00:28:13.461 [info] > git show --textconv HEAD:app.json [14ms]
2025-11-08 00:28:13.476 [info] > git show --textconv :app.json [12ms]
2025-11-08 00:28:13.477 [info] > git show --textconv :app.json [12ms]
2025-11-08 00:28:15.648 [info] > git config --get commit.template [25ms]
2025-11-08 00:28:15.649 [info] > git for-each-ref --format=%(refname)%00%(upstream:short)%00%(objectname)%00%(upstream:track)%00%(upstream:remotename)%00%(upstream:remoteref) --ignore-case refs/heads/main refs/remotes/main [24ms]
2025-11-08 00:28:15.650 [warning] [Git][revParse] Unable to read file: ENOENT: no such file or directory, open '/Users/marysanares/rork-mymotivfitx/.git/refs/remotes/origin/main'
2025-11-08 00:28:15.663 [info] > git rev-parse refs/remotes/origin/main [13ms]
2025-11-08 00:28:15.676 [info] > git for-each-ref --sort -committerdate --format %(refname)%00%(objectname)%00%(*objectname) [12ms]
2025-11-08 00:28:15.677 [info] > git status -z -uall [14ms]
2025-11-08 00:28:31.634 [info] > git log --format=%H%n%aN%n%aE%n%at%n%ct%n%P%n%D%n%B -z --shortstat --diff-merges=first-parent -n50 --skip=0 --topo-order --decorate=full --stdin [35ms]
2025-11-08 00:28:33.452 [info] > git -c user.useConfigOnly=true commit --quiet [27ms]
2025-11-08 00:28:33.452 [info] Author identity unknown

*** Please tell me who you are.

Run

  git config --global user.email "you@example.com"
  git config --global user.name "Your Name"

to set your account's default identity.
Omit --global to set the identity only in this repository.

fatal: no email was given and auto-detection is disabled
2025-11-08 00:28:33.465 [info] > git config --get-all user.name [13ms]
2025-11-08 00:28:33.477 [info] > git config --get commit.template [11ms]
2025-11-08 00:28:33.478 [info] > git for-each-ref --format=%(refname)%00%(upstream:short)%00%(objectname)%00%(upstream:track)%00%(upstream:remotename)%00%(upstream:remoteref) --ignore-case refs/heads/main refs/remotes/main [12ms]
2025-11-08 00:28:33.479 [warning] [Git][revParse] Unable to read file: ENOENT: no such file or directory, open '/Users/marysanares/rork-mymotivfitx/.git/refs/remotes/origin/main'
2025-11-08 00:28:33.489 [info] > git rev-parse refs/remotes/origin/main [10ms]
2025-11-08 00:28:33.501 [info] > git for-each-ref --sort -committerdate --format %(refname)%00%(objectname)%00%(*objectname) [11ms]
2025-11-08 00:28:33.501 [info] > git status -z -uall [11ms]
2025-11-08 00:28:34.871 [info] > git config --get commit.template [25ms]
2025-11-08 00:28:34.872 [info] > git for-each-ref --format=%(refname)%00%(upstream:short)%00%(objectname)%00%(upstream:track)%00%(upstream:remotename)%00%(upstream:remoteref) --ignore-case refs/heads/main refs/remotes/main [25ms]
2025-11-08 00:28:34.873 [warning] [Git][revParse] Unable to read file: ENOENT: no such file or directory, open '/Users/marysanares/rork-mymotivfitx/.git/refs/remotes/origin/main'
2025-11-08 00:28:34.895 [info] > git rev-parse refs/remotes/origin/main [22ms]
2025-11-08 00:28:34.911 [info] > git for-each-ref --sort -committerdate --format %(refname)%00%(objectname)%00%(*objectname) [16ms]
2025-11-08 00:28:34.911 [info] > git status -z -uall [16ms]
2025-11-08 00:28:34.957 [info] > git ls-files --stage -- app.json [11ms]
2025-11-08 00:28:34.957 [info] > git ls-files --stage -- app.json [11ms]
2025-11-08 00:28:34.958 [info] > git ls-tree -l HEAD -- app.json [12ms]
2025-11-08 00:28:34.969 [info] > git cat-file -s e50b76e718d46ed47e264e6f4a6795725e6f4137 [11ms]
2025-11-08 00:28:34.969 [info] > git cat-file -s e50b76e718d46ed47e264e6f4a6795725e6f4137 [12ms]
2025-11-08 00:28:34.969 [info] > git show --textconv HEAD:app.json [10ms]
2025-11-08 00:28:34.981 [info] > git show --textconv :app.json [11ms]
2025-11-08 00:28:34.981 [info] > git show --textconv :app.json [11ms]
2025-11-08 00:38:20.447 [info] > git config --get commit.template [57ms]
2025-11-08 00:38:20.448 [info] > git ls-files --stage -- app.json [48ms]
2025-11-08 00:38:20.449 [info] > git ls-files --stage -- app.json [48ms]
2025-11-08 00:38:20.454 [info] > git ls-tree -l HEAD -- app.json [54ms]
2025-11-08 00:38:20.456 [info] > git for-each-ref --format=%(refname)%00%(upstream:short)%00%(objectname)%00%(upstream:track)%00%(upstream:remotename)%00%(upstream:remoteref) --ignore-case refs/heads/main refs/remotes/main [65ms]
2025-11-08 00:38:20.457 [warning] [Git][revParse] Unable to read file: ENOENT: no such file or directory, open '/Users/marysanares/rork-mymotivfitx/.git/refs/remotes/origin/main'
2025-11-08 00:38:20.466 [info] > git cat-file -s e50b76e718d46ed47e264e6f4a6795725e6f4137 [16ms]
2025-11-08 00:38:20.466 [info] > git cat-file -s e50b76e718d46ed47e264e6f4a6795725e6f4137 [17ms]
2025-11-08 00:38:20.568 [info] > git rev-parse refs/remotes/origin/main [111ms]
2025-11-08 00:38:20.570 [info] > git show --textconv HEAD:app.json [114ms]
2025-11-08 00:38:20.584 [info] > git show --textconv :app.json [84ms]
2025-11-08 00:38:20.586 [info] > git show --textconv :app.json [72ms]
2025-11-08 00:38:20.589 [info] > git status -z -uall [20ms]
2025-11-08 00:38:20.592 [info] > git for-each-ref --sort -committerdate --format %(refname)%00%(objectname)%00%(*objectname) [22ms]
2025-11-08 00:38:25.627 [info] > git config --get commit.template [27ms]
2025-11-08 00:38:25.629 [info] > git for-each-ref --format=%(refname)%00%(upstream:short)%00%(objectname)%00%(upstream:track)%00%(upstream:remotename)%00%(upstream:remoteref) --ignore-case refs/heads/main refs/remotes/main [27ms]
2025-11-08 00:38:25.629 [warning] [Git][revParse] Unable to read file: ENOENT: no such file or directory, open '/Users/marysanares/rork-mymotivfitx/.git/refs/remotes/origin/main'
2025-11-08 00:38:25.644 [info] > git rev-parse refs/remotes/origin/main [15ms]
2025-11-08 00:38:25.665 [info] > git status -z -uall [21ms]
2025-11-08 00:38:25.668 [info] > git for-each-ref --sort -committerdate --format %(refname)%00%(objectname)%00%(*objectname) [23ms]
2025-11-08 00:39:22.480 [info] > git ls-files --stage -- package.json [15ms]
2025-11-08 00:39:22.482 [info] > git show --textconv :package.json [17ms]
2025-11-08 00:39:22.493 [info] > git cat-file -s 184650c90ec61cf571ee8a894408010f9f509311 [12ms]
2025-11-08 00:40:07.512 [info] > git blame --root --incremental 89a0219fa8fd9fb96987ee76e9606b75fee75227 -- package.json [36ms]
2025-11-08 00:42:32.172 [info] > git check-ignore -v -z --stdin [30ms]
2025-11-08 00:44:01.906 [info] > git log --format=%H%n%aN%n%aE%n%at%n%ct%n%P%n%D%n%B -z --shortstat --diff-merges=first-parent -n50 --skip=0 --topo-order --decorate=full --stdin [42ms]
2025-11-08 00:44:03.430 [info] > git -c user.useConfigOnly=true commit --quiet [31ms]
2025-11-08 00:44:03.430 [info] Author identity unknown

*** Please tell me who you are.

Run

  git config --global user.email "you@example.com"
  git config --global user.name "Your Name"

to set your account's default identity.
Omit --global to set the identity only in this repository.

fatal: no email was given and auto-detection is disabled
2025-11-08 00:44:03.443 [info] > git config --get-all user.name [13ms]
2025-11-08 00:44:03.455 [info] > git config --get commit.template [11ms]
2025-11-08 00:44:03.456 [info] > git for-each-ref --format=%(refname)%00%(upstream:short)%00%(objectname)%00%(upstream:track)%00%(upstream:remotename)%00%(upstream:remoteref) --ignore-case refs/heads/main refs/remotes/main [12ms]
2025-11-08 00:44:03.457 [warning] [Git][revParse] Unable to read file: ENOENT: no such file or directory, open '/Users/marysanares/rork-mymotivfitx/.git/refs/remotes/origin/main'
2025-11-08 00:44:03.467 [info] > git rev-parse refs/remotes/origin/main [10ms]
2025-11-08 00:44:03.479 [info] > git for-each-ref --sort -committerdate --format %(refname)%00%(objectname)%00%(*objectname) [11ms]
2025-11-08 00:44:03.479 [info] > git status -z -uall [12ms]
2025-11-08 00:44:05.204 [info] > git config --get commit.template [26ms]
2025-11-08 00:44:05.206 [info] > git for-each-ref --format=%(refname)%00%(upstream:short)%00%(objectname)%00%(upstream:track)%00%(upstream:remotename)%00%(upstream:remoteref) --ignore-case refs/heads/main refs/remotes/main [26ms]
2025-11-08 00:44:05.206 [warning] [Git][revParse] Unable to read file: ENOENT: no such file or directory, open '/Users/marysanares/rork-mymotivfitx/.git/refs/remotes/origin/main'
2025-11-08 00:44:05.222 [info] > git rev-parse refs/remotes/origin/main [16ms]
2025-11-08 00:44:05.236 [info] > git for-each-ref --sort -committerdate --format %(refname)%00%(objectname)%00%(*objectname) [13ms]
2025-11-08 00:44:05.236 [info] > git status -z -uall [14ms]
2025-11-08 00:44:05.290 [info] > git ls-files --stage -- app.json [12ms]
2025-11-08 00:44:05.290 [info] > git ls-files --stage -- package.json [12ms]
2025-11-08 00:44:05.291 [info] > git ls-tree -l HEAD -- app.json [13ms]
2025-11-08 00:44:05.314 [info] > git cat-file -s e50b76e718d46ed47e264e6f4a6795725e6f4137 [24ms]
2025-11-08 00:44:05.316 [info] > git show --textconv HEAD:app.json [24ms]
2025-11-08 00:44:05.316 [info] > git cat-file -s 184650c90ec61cf571ee8a894408010f9f509311 [25ms]
2025-11-08 00:44:05.328 [info] > git show --textconv :app.json [13ms]
2025-11-08 00:44:05.328 [info] > git show --textconv :package.json [10ms]
2025-11-08 00:44:07.177 [info] > git -c user.useConfigOnly=true commit --quiet [28ms]
2025-11-08 00:44:07.177 [info] Author identity unknown

*** Please tell me who you are.

Run

  git config --global user.email "you@example.com"
  git config --global user.name "Your Name"

to set your account's default identity.
Omit --global to set the identity only in this repository.

fatal: no email was given and auto-detection is disabled
2025-11-08 00:44:07.190 [info] > git config --get-all user.name [13ms]
2025-11-08 00:44:07.202 [info] > git config --get commit.template [11ms]
2025-11-08 00:44:07.204 [info] > git for-each-ref --format=%(refname)%00%(upstream:short)%00%(objectname)%00%(upstream:track)%00%(upstream:remotename)%00%(upstream:remoteref) --ignore-case refs/heads/main refs/remotes/main [13ms]
2025-11-08 00:44:07.204 [warning] [Git][revParse] Unable to read file: ENOENT: no such file or directory, open '/Users/marysanares/rork-mymotivfitx/.git/refs/remotes/origin/main'
2025-11-08 00:44:07.214 [info] > git rev-parse refs/remotes/origin/main [10ms]
2025-11-08 00:44:07.226 [info] > git for-each-ref --sort -committerdate --format %(refname)%00%(objectname)%00%(*objectname) [11ms]
2025-11-08 00:44:07.226 [info] > git status -z -uall [11ms]
2025-11-08 00:44:08.398 [info] > git ls-files --stage -- app.json [24ms]
2025-11-08 00:44:08.398 [info] > git ls-files --stage -- package.json [23ms]
2025-11-08 00:44:08.399 [info] > git ls-tree -l HEAD -- app.json [26ms]
2025-11-08 00:44:08.413 [info] > git cat-file -s 184650c90ec61cf571ee8a894408010f9f509311 [14ms]
2025-11-08 00:44:08.413 [info] > git cat-file -s e50b76e718d46ed47e264e6f4a6795725e6f4137 [15ms]
2025-11-08 00:44:08.415 [info] > git show --textconv HEAD:app.json [14ms]
2025-11-08 00:44:08.437 [info] > git show --textconv :app.json [22ms]
2025-11-08 00:44:08.438 [info] > git show --textconv :package.json [24ms]
2025-11-08 00:44:10.272 [info] > git config --get commit.template [26ms]
2025-11-08 00:44:10.273 [info] > git for-each-ref --format=%(refname)%00%(upstream:short)%00%(objectname)%00%(upstream:track)%00%(upstream:remotename)%00%(upstream:remoteref) --ignore-case refs/heads/main refs/remotes/main [26ms]
2025-11-08 00:44:10.274 [warning] [Git][revParse] Unable to read file: ENOENT: no such file or directory, open '/Users/marysanares/rork-mymotivfitx/.git/refs/remotes/origin/main'
2025-11-08 00:44:10.287 [info] > git rev-parse refs/remotes/origin/main [13ms]
2025-11-08 00:44:10.302 [info] > git for-each-ref --sort -committerdate --format %(refname)%00%(objectname)%00%(*objectname) [14ms]
2025-11-08 00:44:10.302 [info] > git status -z -uall [15ms]
2025-11-08 00:44:19.838 [info] > git log --format=%H%n%aN%n%aE%n%at%n%ct%n%P%n%D%n%B -z --shortstat --diff-merges=first-parent -n50 --skip=0 --topo-order --decorate=full --stdin [33ms]
2025-11-08 00:44:21.258 [info] > git -c user.useConfigOnly=true commit --quiet [26ms]
2025-11-08 00:44:21.258 [info] Author identity unknown

*** Please tell me who you are.

Run

  git config --global user.email "you@example.com"
  git config --global user.name "Your Name"

to set your account's default identity.
Omit --global to set the identity only in this repository.

fatal: no email was given and auto-detection is disabled
2025-11-08 00:44:21.271 [info] > git config --get-all user.name [13ms]
2025-11-08 00:44:21.284 [info] > git config --get commit.template [12ms]
2025-11-08 00:44:21.285 [info] > git for-each-ref --format=%(refname)%00%(upstream:short)%00%(objectname)%00%(upstream:track)%00%(upstream:remotename)%00%(upstream:remoteref) --ignore-case refs/heads/main refs/remotes/main [12ms]
2025-11-08 00:44:21.286 [warning] [Git][revParse] Unable to read file: ENOENT: no such file or directory, open '/Users/marysanares/rork-mymotivfitx/.git/refs/remotes/origin/main'
2025-11-08 00:44:21.296 [info] > git rev-parse refs/remotes/origin/main [10ms]
2025-11-08 00:44:21.309 [info] > git status -z -uall [12ms]
2025-11-08 00:44:21.309 [info] > git for-each-ref --sort -committerdate --format %(refname)%00%(objectname)%00%(*objectname) [12ms]
2025-11-08 00:44:22.374 [info] > git config --get commit.template [20ms]
2025-11-08 00:44:22.375 [info] > git for-each-ref --format=%(refname)%00%(upstream:short)%00%(objectname)%00%(upstream:track)%00%(upstream:remotename)%00%(upstream:remoteref) --ignore-case refs/heads/main refs/remotes/main [20ms]
2025-11-08 00:44:22.375 [warning] [Git][revParse] Unable to read file: ENOENT: no such file or directory, open '/Users/marysanares/rork-mymotivfitx/.git/refs/remotes/origin/main'
2025-11-08 00:44:22.388 [info] > git rev-parse refs/remotes/origin/main [13ms]
2025-11-08 00:44:22.401 [info] > git for-each-ref --sort -committerdate --format %(refname)%00%(objectname)%00%(*objectname) [12ms]
2025-11-08 00:44:22.401 [info] > git status -z -uall [13ms]
2025-11-08 00:44:22.467 [info] > git ls-files --stage -- app.json [12ms]
2025-11-08 00:44:22.468 [info] > git ls-files --stage -- package.json [13ms]
2025-11-08 00:44:22.468 [info] > git ls-tree -l HEAD -- app.json [13ms]
2025-11-08 00:44:22.480 [info] > git cat-file -s e50b76e718d46ed47e264e6f4a6795725e6f4137 [12ms]
2025-11-08 00:44:22.480 [info] > git cat-file -s 184650c90ec61cf571ee8a894408010f9f509311 [12ms]
2025-11-08 00:44:22.484 [info] > git show --textconv HEAD:app.json [12ms]
2025-11-08 00:44:22.492 [info] > git show --textconv :app.json [11ms]
2025-11-08 00:44:22.492 [info] > git show --textconv :package.json [11ms]
2025-11-08 00:44:27.431 [info] > git config --get commit.template [24ms]
2025-11-08 00:44:27.433 [info] > git for-each-ref --format=%(refname)%00%(upstream:short)%00%(objectname)%00%(upstream:track)%00%(upstream:remotename)%00%(upstream:remoteref) --ignore-case refs/heads/main refs/remotes/main [24ms]
2025-11-08 00:44:27.433 [warning] [Git][revParse] Unable to read file: ENOENT: no such file or directory, open '/Users/marysanares/rork-mymotivfitx/.git/refs/remotes/origin/main'
2025-11-08 00:44:27.448 [info] > git rev-parse refs/remotes/origin/main [15ms]
2025-11-08 00:44:27.462 [info] > git for-each-ref --sort -committerdate --format %(refname)%00%(objectname)%00%(*objectname) [13ms]
2025-11-08 00:44:27.463 [info] > git status -z -uall [15ms]
2025-11-08 00:44:39.248 [info] > git log --format=%H%n%aN%n%aE%n%at%n%ct%n%P%n%D%n%B -z --shortstat --diff-merges=first-parent -n50 --skip=0 --topo-order --decorate=full --stdin [35ms]
2025-11-08 00:44:40.559 [info] > git -c user.useConfigOnly=true commit --quiet [25ms]
2025-11-08 00:44:40.559 [info] Author identity unknown

*** Please tell me who you are.

Run

  git config --global user.email "you@example.com"
  git config --global user.name "Your Name"

to set your account's default identity.
Omit --global to set the identity only in this repository.

fatal: no email was given and auto-detection is disabled
2025-11-08 00:44:40.573 [info] > git config --get-all user.name [13ms]
2025-11-08 00:44:40.585 [info] > git config --get commit.template [11ms]
2025-11-08 00:44:40.586 [info] > git for-each-ref --format=%(refname)%00%(upstream:short)%00%(objectname)%00%(upstream:track)%00%(upstream:remotename)%00%(upstream:remoteref) --ignore-case refs/heads/main refs/remotes/main [12ms]
2025-11-08 00:44:40.587 [warning] [Git][revParse] Unable to read file: ENOENT: no such file or directory, open '/Users/marysanares/rork-mymotivfitx/.git/refs/remotes/origin/main'
2025-11-08 00:44:40.597 [info] > git rev-parse refs/remotes/origin/main [10ms]
2025-11-08 00:44:40.609 [info] > git for-each-ref --sort -committerdate --format %(refname)%00%(objectname)%00%(*objectname) [11ms]
2025-11-08 00:44:40.609 [info] > git status -z -uall [11ms]
2025-11-08 00:44:42.401 [info] > git config --get commit.template [26ms]
2025-11-08 00:44:42.402 [info] > git for-each-ref --format=%(refname)%00%(upstream:short)%00%(objectname)%00%(upstream:track)%00%(upstream:remotename)%00%(upstream:remoteref) --ignore-case refs/heads/main refs/remotes/main [27ms]
2025-11-08 00:44:42.402 [warning] [Git][revParse] Unable to read file: ENOENT: no such file or directory, open '/Users/marysanares/rork-mymotivfitx/.git/refs/remotes/origin/main'
2025-11-08 00:44:42.415 [info] > git rev-parse refs/remotes/origin/main [13ms]
2025-11-08 00:44:42.427 [info] > git for-each-ref --sort -committerdate --format %(refname)%00%(objectname)%00%(*objectname) [11ms]
2025-11-08 00:44:42.428 [info] > git status -z -uall [13ms]
2025-11-08 00:44:42.483 [info] > git ls-files --stage -- app.json [12ms]
2025-11-08 00:44:42.484 [info] > git ls-files --stage -- package.json [13ms]
2025-11-08 00:44:42.484 [info] > git ls-tree -l HEAD -- app.json [14ms]
2025-11-08 00:44:42.495 [info] > git cat-file -s 184650c90ec61cf571ee8a894408010f9f509311 [11ms]
2025-11-08 00:44:42.496 [info] > git cat-file -s e50b76e718d46ed47e264e6f4a6795725e6f4137 [11ms]
2025-11-08 00:44:42.496 [info] > git show --textconv HEAD:app.json [11ms]
2025-11-08 00:44:42.506 [info] > git show --textconv :package.json [10ms]
2025-11-08 00:44:42.507 [info] > git show --textconv :app.json [11ms]
2025-11-08 00:49:40.051 [info] > git config --get commit.template [70ms]
2025-11-08 00:49:40.052 [info] > git ls-files --stage -- package.json [62ms]
2025-11-08 00:49:40.053 [info] > git ls-files --stage -- app.json [65ms]
2025-11-08 00:49:40.053 [info] > git for-each-ref --format=%(refname)%00%(upstream:short)%00%(objectname)%00%(upstream:track)%00%(upstream:remotename)%00%(upstream:remoteref) --ignore-case refs/heads/main refs/remotes/main [71ms]
2025-11-08 00:49:40.053 [info] > git ls-tree -l HEAD -- app.json [66ms]
2025-11-08 00:49:40.054 [warning] [Git][revParse] Unable to read file: ENOENT: no such file or directory, open '/Users/marysanares/rork-mymotivfitx/.git/refs/remotes/origin/main'
2025-11-08 00:49:40.067 [info] > git rev-parse refs/remotes/origin/main [13ms]
2025-11-08 00:49:40.069 [info] > git cat-file -s 184650c90ec61cf571ee8a894408010f9f509311 [16ms]
2025-11-08 00:49:40.069 [info] > git cat-file -s e50b76e718d46ed47e264e6f4a6795725e6f4137 [16ms]
2025-11-08 00:49:40.076 [info] > git show --textconv HEAD:app.json [19ms]
2025-11-08 00:49:40.087 [info] > git show --textconv :app.json [16ms]
2025-11-08 00:49:40.087 [info] > git for-each-ref --sort -committerdate --format %(refname)%00%(objectname)%00%(*objectname) [19ms]
2025-11-08 00:49:40.087 [info] > git show --textconv :package.json [16ms]
2025-11-08 00:49:40.088 [info] > git status -z -uall [20ms]
2025-11-08 00:49:40.106 [info] > git merge-base refs/heads/main refs/remotes/origin/main [16ms]
2025-11-08 00:49:40.119 [info] > git diff --name-status -z --diff-filter=ADMR 0883a355e1bbf9cc67083131c395b7e578356afa...refs/remotes/origin/main [12ms]
2025-11-08 00:49:40.125 [info] > git log --format=%H%n%aN%n%aE%n%at%n%ct%n%P%n%D%n%B -z --shortstat --diff-merges=first-parent -n50 --skip=0 --topo-order --decorate=full --stdin [28ms]
2025-11-08 00:49:45.124 [info] > git config --get commit.template [25ms]
2025-11-08 00:49:45.126 [info] > git for-each-ref --format=%(refname)%00%(upstream:short)%00%(objectname)%00%(upstream:track)%00%(upstream:remotename)%00%(upstream:remoteref) --ignore-case refs/heads/main refs/remotes/main [26ms]
2025-11-08 00:49:45.126 [warning] [Git][revParse] Unable to read file: ENOENT: no such file or directory, open '/Users/marysanares/rork-mymotivfitx/.git/refs/remotes/origin/main'
2025-11-08 00:49:45.141 [info] > git rev-parse refs/remotes/origin/main [14ms]
2025-11-08 00:49:45.155 [info] > git for-each-ref --sort -committerdate --format %(refname)%00%(objectname)%00%(*objectname) [14ms]
2025-11-08 00:49:45.155 [info] > git status -z -uall [14ms]
2025-11-08 00:49:51.684 [info] > git blame --root --incremental aaab62a8e985ec418f83a5f2a8271472d3d31cb6 -- package.json [27ms]
2025-11-08 00:50:28.391 [info] > git log --oneline --cherry main...main@{upstream} -- [21ms]
2025-11-08 00:50:28.905 [info] > git pull --tags origin main [513ms]
2025-11-08 00:50:28.906 [info] From https://github.com/marysanares-stack/rork-mymotivfitx
 * branch            main       -> FETCH_HEAD
2025-11-08 00:50:29.564 [info] > git push origin main:main [657ms]
2025-11-08 00:50:29.564 [info] To https://github.com/marysanares-stack/rork-mymotivfitx.git
   0883a35..aaab62a  main -> main
2025-11-08 00:50:29.587 [info] > git config --get commit.template [21ms]
2025-11-08 00:50:29.588 [info] > git for-each-ref --format=%(refname)%00%(upstream:short)%00%(objectname)%00%(upstream:track)%00%(upstream:remotename)%00%(upstream:remoteref) --ignore-case refs/heads/main refs/remotes/main [21ms]
2025-11-08 00:50:29.604 [info] > git for-each-ref --sort -committerdate --format %(refname)%00%(objectname)%00%(*objectname) [15ms]
2025-11-08 00:50:29.605 [info] > git status -z -uall [17ms]
2025-11-08 00:50:29.618 [info] > git merge-base refs/heads/main refs/remotes/origin/main [12ms]
2025-11-08 00:50:29.631 [info] > git diff --name-status -z --diff-filter=ADMR aaab62a8e985ec418f83a5f2a8271472d3d31cb6...refs/remotes/origin/main [12ms]
2025-11-08 00:50:29.634 [info] > git log --format=%H%n%aN%n%aE%n%at%n%ct%n%P%n%D%n%B -z --shortstat --diff-merges=first-parent -n50 --skip=0 --topo-order --decorate=full --stdin [25ms]
2025-11-08 00:50:30.680 [info] > git config --get commit.template [24ms]
2025-11-08 00:50:30.681 [info] > git for-each-ref --format=%(refname)%00%(upstream:short)%00%(objectname)%00%(upstream:track)%00%(upstream:remotename)%00%(upstream:remoteref) --ignore-case refs/heads/main refs/remotes/main [24ms]
2025-11-08 00:50:30.696 [info] > git for-each-ref --sort -committerdate --format %(refname)%00%(objectname)%00%(*objectname) [14ms]
2025-11-08 00:50:30.696 [info] > git status -z -uall [14ms]
2025-11-08 00:50:30.769 [info] > git ls-files --stage -- app.json [14ms]
2025-11-08 00:50:30.769 [info] > git ls-files --stage -- package.json [14ms]
2025-11-08 00:50:30.769 [info] > git ls-tree -l HEAD -- app.json [15ms]
2025-11-08 00:50:30.782 [info] > git cat-file -s 184650c90ec61cf571ee8a894408010f9f509311 [13ms]
2025-11-08 00:50:30.783 [info] > git cat-file -s e50b76e718d46ed47e264e6f4a6795725e6f4137 [14ms]
2025-11-08 00:50:30.783 [info] > git show --textconv HEAD:app.json [12ms]
2025-11-08 00:50:30.798 [info] > git show --textconv :package.json [13ms]
2025-11-08 00:50:30.798 [info] > git show --textconv :app.json [14ms]
2025-11-08 00:50:35.730 [info] > git config --get commit.template [27ms]
2025-11-08 00:50:35.731 [info] > git for-each-ref --format=%(refname)%00%(upstream:short)%00%(objectname)%00%(upstream:track)%00%(upstream:remotename)%00%(upstream:remoteref) --ignore-case refs/heads/main refs/remotes/main [27ms]
2025-11-08 00:50:35.746 [info] > git for-each-ref --sort -committerdate --format %(refname)%00%(objectname)%00%(*objectname) [14ms]
2025-11-08 00:50:35.747 [info] > git status -z -uall [15ms]
2025-11-08 12:06:02.982 [info] > git config --get commit.template [63ms]
2025-11-08 12:06:02.986 [info] > git for-each-ref --format=%(refname)%00%(upstream:short)%00%(objectname)%00%(upstream:track)%00%(upstream:remotename)%00%(upstream:remoteref) --ignore-case refs/heads/main refs/remotes/main [66ms]
2025-11-08 12:06:03.032 [info] > git ls-files --stage -- package.json [28ms]
2025-11-08 12:06:03.034 [info] > git ls-files --stage -- app.json [31ms]
2025-11-08 12:06:03.037 [info] > git status -z -uall [50ms]
2025-11-08 12:06:03.037 [info] > git ls-tree -l HEAD -- app.json [34ms]
2025-11-08 12:06:03.037 [info] > git for-each-ref --sort -committerdate --format %(refname)%00%(objectname)%00%(*objectname) [49ms]
2025-11-08 12:06:03.184 [info] > git cat-file -s 184650c90ec61cf571ee8a894408010f9f509311 [150ms]
2025-11-08 12:06:03.187 [info] > git cat-file -s e50b76e718d46ed47e264e6f4a6795725e6f4137 [151ms]
2025-11-08 12:06:03.195 [info] > git merge-base refs/heads/main refs/remotes/origin/main [155ms]
2025-11-08 12:06:03.203 [info] > git show --textconv HEAD:app.json [158ms]
2025-11-08 12:06:03.206 [info] > git blame --root --incremental 05274f5bd6e00bec441e1f6a52d802bc52480912 -- package.json [166ms]
2025-11-08 12:06:03.216 [info] > git show --textconv :package.json [30ms]
2025-11-08 12:06:03.216 [info] > git show --textconv :app.json [25ms]
2025-11-08 12:06:03.218 [info] > git diff --name-status -z --diff-filter=ADMR 05274f5bd6e00bec441e1f6a52d802bc52480912...refs/remotes/origin/main [22ms]
2025-11-08 12:06:03.223 [info] > git log --format=%H%n%aN%n%aE%n%at%n%ct%n%P%n%D%n%B -z --shortstat --diff-merges=first-parent -n50 --skip=0 --topo-order --decorate=full --stdin [165ms]
2025-11-08 12:06:08.066 [info] > git config --get commit.template [18ms]
2025-11-08 12:06:08.067 [info] > git for-each-ref --format=%(refname)%00%(upstream:short)%00%(objectname)%00%(upstream:track)%00%(upstream:remotename)%00%(upstream:remoteref) --ignore-case refs/heads/main refs/remotes/main [18ms]
2025-11-08 12:06:08.083 [info] > git for-each-ref --sort -committerdate --format %(refname)%00%(objectname)%00%(*objectname) [14ms]
2025-11-08 12:06:08.083 [info] > git status -z -uall [15ms]
2025-11-08 12:08:04.868 [info] > git ls-files --stage -- app.json [27ms]
2025-11-08 12:08:04.869 [info] > git show --textconv :app.json [29ms]
2025-11-08 12:08:04.881 [info] > git cat-file -s e50b76e718d46ed47e264e6f4a6795725e6f4137 [12ms]
2025-11-08 12:08:04.907 [info] > git blame --root --incremental 05274f5bd6e00bec441e1f6a52d802bc52480912 -- app.json [15ms]
2025-11-08 12:11:25.236 [info] > git show --textconv :.npmrc [28ms]
2025-11-08 12:11:25.237 [info] > git ls-files --stage -- .npmrc [28ms]
2025-11-08 12:11:25.250 [info] > git hash-object -t tree /dev/null [12ms]
2025-11-08 12:11:25.250 [warning] [GitFileSystemProvider][stat] File not found - git:/Users/marysanares/rork-mymotivfitx/.npmrc.git?%7B%22path%22%3A%22%2FUsers%2Fmarysanares%2Frork-mymotivfitx%2F.npmrc%22%2C%22ref%22%3A%22%22%7D
2025-11-08 12:11:25.253 [info] > git hash-object -t tree /dev/null [16ms]
2025-11-08 12:11:25.253 [warning] [GitFileSystemProvider][readFile] File not found - git:/Users/marysanares/rork-mymotivfitx/.npmrc.git?%7B%22path%22%3A%22%2FUsers%2Fmarysanares%2Frork-mymotivfitx%2F.npmrc%22%2C%22ref%22%3A%22%22%7D
2025-11-08 12:11:25.531 [info] > git check-ignore -v -z --stdin [27ms]
2025-11-08 12:11:26.333 [info] > git config --get commit.template [20ms]
2025-11-08 12:11:26.338 [info] > git for-each-ref --format=%(refname)%00%(upstream:short)%00%(objectname)%00%(upstream:track)%00%(upstream:remotename)%00%(upstream:remoteref) --ignore-case refs/heads/main refs/remotes/main [24ms]
2025-11-08 12:11:26.355 [info] > git for-each-ref --sort -committerdate --format %(refname)%00%(objectname)%00%(*objectname) [16ms]
2025-11-08 12:11:26.357 [info] > git status -z -uall [18ms]
